Traceback (most recent call last):
  File "/opt/homebrew/anaconda3/envs/com6018_dev/lib/python3.11/site-packages/jupyter_cache/executors/utils.py", line 58, in single_nb_execution
    executenb(
  File "/opt/homebrew/anaconda3/envs/com6018_dev/lib/python3.11/site-packages/nbclient/client.py", line 1305, in execute
    return NotebookClient(nb=nb, resources=resources, km=km, **kwargs).execute()
           ^^^^^^^^^^^^^^^^^^^^^^^^^^^^^^^^^^^^^^^^^^^^^^^^^^^^^^^^^^^^^^^^^^^^^
  File "/opt/homebrew/anaconda3/envs/com6018_dev/lib/python3.11/site-packages/jupyter_core/utils/__init__.py", line 166, in wrapped
    return loop.run_until_complete(inner)
           ^^^^^^^^^^^^^^^^^^^^^^^^^^^^^^
  File "/opt/homebrew/anaconda3/envs/com6018_dev/lib/python3.11/asyncio/base_events.py", line 653, in run_until_complete
    return future.result()
           ^^^^^^^^^^^^^^^
  File "/opt/homebrew/anaconda3/envs/com6018_dev/lib/python3.11/site-packages/nbclient/client.py", line 705, in async_execute
    await self.async_execute_cell(
  File "/opt/homebrew/anaconda3/envs/com6018_dev/lib/python3.11/site-packages/nbclient/client.py", line 1058, in async_execute_cell
    await self._check_raise_for_error(cell, cell_index, exec_reply)
  File "/opt/homebrew/anaconda3/envs/com6018_dev/lib/python3.11/site-packages/nbclient/client.py", line 914, in _check_raise_for_error
    raise CellExecutionError.from_cell_and_msg(cell, exec_reply_content)
nbclient.exceptions.CellExecutionError: An error occurred while executing the following cell:
------------------
# TEST
co2_data = read_co2_csv('data/co2.csv')
assert co2_data[0] == {'Yr': '1958', 'Mn': '01', 'Dy': '01', 'CO2': 'NaN', 'NB': '0', 'scale': '12.0'}
print("All tests passed!")
------------------


[0;31m---------------------------------------------------------------------------[0m
[0;31mFileNotFoundError[0m                         Traceback (most recent call last)
Cell [0;32mIn[2], line 2[0m
[1;32m      1[0m [38;5;66;03m# TEST[39;00m
[0;32m----> 2[0m co2_data [38;5;241m=[39m [43mread_co2_csv[49m[43m([49m[38;5;124;43m'[39;49m[38;5;124;43mdata/co2.csv[39;49m[38;5;124;43m'[39;49m[43m)[49m
[1;32m      3[0m [38;5;28;01massert[39;00m co2_data[[38;5;241m0[39m] [38;5;241m==[39m {[38;5;124m'[39m[38;5;124mYr[39m[38;5;124m'[39m: [38;5;124m'[39m[38;5;124m1958[39m[38;5;124m'[39m, [38;5;124m'[39m[38;5;124mMn[39m[38;5;124m'[39m: [38;5;124m'[39m[38;5;124m01[39m[38;5;124m'[39m, [38;5;124m'[39m[38;5;124mDy[39m[38;5;124m'[39m: [38;5;124m'[39m[38;5;124m01[39m[38;5;124m'[39m, [38;5;124m'[39m[38;5;124mCO2[39m[38;5;124m'[39m: [38;5;124m'[39m[38;5;124mNaN[39m[38;5;124m'[39m, [38;5;124m'[39m[38;5;124mNB[39m[38;5;124m'[39m: [38;5;124m'[39m[38;5;124m0[39m[38;5;124m'[39m, [38;5;124m'[39m[38;5;124mscale[39m[38;5;124m'[39m: [38;5;124m'[39m[38;5;124m12.0[39m[38;5;124m'[39m}
[1;32m      4[0m [38;5;28mprint[39m([38;5;124m"[39m[38;5;124mAll tests passed![39m[38;5;124m"[39m)

Cell [0;32mIn[1], line 5[0m, in [0;36mread_co2_csv[0;34m(filename)[0m
[1;32m      4[0m [38;5;28;01mdef[39;00m [38;5;21mread_co2_csv[39m(filename):
[0;32m----> 5[0m     [38;5;28;01mwith[39;00m [38;5;28;43mopen[39;49m[43m([49m[43mfilename[49m[43m,[49m[43m [49m[38;5;124;43m'[39;49m[38;5;124;43mr[39;49m[38;5;124;43m'[39;49m[43m)[49m [38;5;28;01mas[39;00m fp:
[1;32m      6[0m         lines [38;5;241m=[39m [38;5;28mfilter[39m([38;5;28;01mlambda[39;00m x: [38;5;129;01mnot[39;00m x[38;5;241m.[39mstartswith([38;5;124m'[39m[38;5;124m%[39m[38;5;124m'[39m), fp[38;5;241m.[39mreadlines())
[1;32m      7[0m         reader [38;5;241m=[39m csv[38;5;241m.[39mDictReader(lines, fieldnames[38;5;241m=[39m[[38;5;124m'[39m[38;5;124mYr[39m[38;5;124m'[39m, [38;5;124m'[39m[38;5;124mMn[39m[38;5;124m'[39m, [38;5;124m'[39m[38;5;124mDy[39m[38;5;124m'[39m, [38;5;124m'[39m[38;5;124mCO2[39m[38;5;124m'[39m, [38;5;124m'[39m[38;5;124mNB[39m[38;5;124m'[39m, [38;5;124m'[39m[38;5;124mscale[39m[38;5;124m'[39m], skipinitialspace[38;5;241m=[39m[38;5;28;01mTrue[39;00m)

File [0;32m/opt/homebrew/anaconda3/envs/com6018_dev/lib/python3.11/site-packages/IPython/core/interactiveshell.py:286[0m, in [0;36m_modified_open[0;34m(file, *args, **kwargs)[0m
[1;32m    279[0m [38;5;28;01mif[39;00m file [38;5;129;01min[39;00m {[38;5;241m0[39m, [38;5;241m1[39m, [38;5;241m2[39m}:
[1;32m    280[0m     [38;5;28;01mraise[39;00m [38;5;167;01mValueError[39;00m(
[1;32m    281[0m         [38;5;124mf[39m[38;5;124m"[39m[38;5;124mIPython won[39m[38;5;124m'[39m[38;5;124mt let you open fd=[39m[38;5;132;01m{[39;00mfile[38;5;132;01m}[39;00m[38;5;124m by default [39m[38;5;124m"[39m
[1;32m    282[0m         [38;5;124m"[39m[38;5;124mas it is likely to crash IPython. If you know what you are doing, [39m[38;5;124m"[39m
[1;32m    283[0m         [38;5;124m"[39m[38;5;124myou can use builtins[39m[38;5;124m'[39m[38;5;124m open.[39m[38;5;124m"[39m
[1;32m    284[0m     )
[0;32m--> 286[0m [38;5;28;01mreturn[39;00m [43mio_open[49m[43m([49m[43mfile[49m[43m,[49m[43m [49m[38;5;241;43m*[39;49m[43margs[49m[43m,[49m[43m [49m[38;5;241;43m*[39;49m[38;5;241;43m*[39;49m[43mkwargs[49m[43m)[49m

[0;31mFileNotFoundError[0m: [Errno 2] No such file or directory: 'data/co2.csv'

